<?xml version="1.0" encoding="UTF-8"?>
<testng-results skipped="0" failed="0" ignored="0" total="1" passed="1">
  <reporter-output>
  </reporter-output>
  <suite name="Default suite" duration-ms="149995" started-at="2023-02-26T14:49:07 IST" finished-at="2023-02-26T14:51:37 IST">
    <groups>
      <group name="cucumber">
        <method signature="AbstractTestNGCucumberTests.runScenario(io.cucumber.testng.PickleEventWrapper, io.cucumber.testng.CucumberFeatureWrapper)[pri:0, instance:com.scripted.runners.SaveMartRunner@67d48005]" name="runScenario" class="io.cucumber.testng.AbstractTestNGCucumberTests"/>
      </group> <!-- cucumber -->
    </groups>
    <test name="Default test" duration-ms="149995" started-at="2023-02-26T14:49:07 IST" finished-at="2023-02-26T14:51:37 IST">
      <class name="com.scripted.runners.SaveMartRunner">
        <test-method status="PASS" signature="setup()[pri:0, instance:com.scripted.runners.SaveMartRunner@67d48005]" name="setup" is-config="true" duration-ms="40254" started-at="2023-02-26T14:48:27 IST" finished-at="2023-02-26T14:49:07 IST">
          <reporter-output>
          </reporter-output>
        </test-method> <!-- setup -->
        <test-method status="PASS" signature="setUpClass()[pri:0, instance:com.scripted.runners.SaveMartRunner@67d48005]" name="setUpClass" is-config="true" duration-ms="1481" started-at="2023-02-26T14:49:07 IST" finished-at="2023-02-26T14:49:08 IST">
          <reporter-output>
          </reporter-output>
        </test-method> <!-- setUpClass -->
        <test-method status="PASS" signature="runScenario(io.cucumber.testng.PickleEventWrapper, io.cucumber.testng.CucumberFeatureWrapper)[pri:0, instance:com.scripted.runners.SaveMartRunner@67d48005]" name="runScenario" duration-ms="146547" started-at="2023-02-26T14:49:08 IST" description="Runs Cucumber Scenarios" data-provider="scenarios" finished-at="2023-02-26T14:51:35 IST">
          <params>
            <param index="0">
              <value>
                <![CDATA["Savmart_scenario"]]>
              </value>
            </param>
            <param index="1">
              <value>
                <![CDATA["SavemartTestCases"]]>
              </value>
            </param>
          </params>
          <reporter-output>
          </reporter-output>
        </test-method> <!-- runScenario -->
        <test-method status="PASS" signature="tearDownClass()[pri:0, instance:com.scripted.runners.SaveMartRunner@67d48005]" name="tearDownClass" is-config="true" duration-ms="1717" started-at="2023-02-26T14:51:35 IST" finished-at="2023-02-26T14:51:37 IST">
          <reporter-output>
          </reporter-output>
        </test-method> <!-- tearDownClass -->
        <test-method status="FAIL" signature="teardown()[pri:0, instance:com.scripted.runners.SaveMartRunner@67d48005]" name="teardown" is-config="true" duration-ms="10660" started-at="2023-02-26T14:51:37 IST" finished-at="2023-02-26T14:51:48 IST">
          <exception class="java.lang.AssertionError">
            <message>
              <![CDATA[Unable to Update the Test case and step statusorg.json.JSONException: JSONArray[1] not found.]]>
            </message>
            <full-stacktrace>
              <![CDATA[java.lang.AssertionError: Unable to Update the Test case and step statusorg.json.JSONException: JSONArray[1] not found.
at org.testng.Assert.fail(Assert.java:97)
at com.scripted.zephyr.ZephyrTestCaseManagementCloud.updateTestCaseAndStepStatus(ZephyrTestCaseManagementCloud.java:352)
at com.scripted.integration.JiraUtils.uploadResultsFromCucumberJson(JiraUtils.java:25)
at com.scripted.configurations.SkriptmateConfigurations.afterSuite(SkriptmateConfigurations.java:152)
at com.scripted.runners.SaveMartRunner.teardown(SaveMartRunner.java:25)
at sun.reflect.NativeMethodAccessorImpl.invoke0(Native Method)
at sun.reflect.NativeMethodAccessorImpl.invoke(NativeMethodAccessorImpl.java:62)
at sun.reflect.DelegatingMethodAccessorImpl.invoke(DelegatingMethodAccessorImpl.java:43)
at java.lang.reflect.Method.invoke(Method.java:498)
at org.testng.internal.MethodInvocationHelper.invokeMethod(MethodInvocationHelper.java:134)
at org.testng.internal.MethodInvocationHelper.invokeMethodConsideringTimeout(MethodInvocationHelper.java:63)
at org.testng.internal.ConfigInvoker.invokeConfigurationMethod(ConfigInvoker.java:348)
at org.testng.internal.ConfigInvoker.invokeConfigurations(ConfigInvoker.java:302)
at org.testng.SuiteRunner.privateRun(SuiteRunner.java:351)
at org.testng.SuiteRunner.run(SuiteRunner.java:286)
at org.testng.SuiteRunnerWorker.runSuite(SuiteRunnerWorker.java:53)
at org.testng.SuiteRunnerWorker.run(SuiteRunnerWorker.java:96)
at org.testng.TestNG.runSuitesSequentially(TestNG.java:1187)
at org.testng.TestNG.runSuitesLocally(TestNG.java:1109)
at org.testng.TestNG.runSuites(TestNG.java:1039)
at org.testng.TestNG.run(TestNG.java:1007)
at org.testng.remote.AbstractRemoteTestNG.run(AbstractRemoteTestNG.java:115)
at org.testng.remote.RemoteTestNG.initAndRun(RemoteTestNG.java:251)
at org.testng.remote.RemoteTestNG.main(RemoteTestNG.java:77)
]]>
            </full-stacktrace>
          </exception> <!-- java.lang.AssertionError -->
          <reporter-output>
          </reporter-output>
        </test-method> <!-- teardown -->
      </class> <!-- com.scripted.runners.SaveMartRunner -->
    </test> <!-- Default test -->
  </suite> <!-- Default suite -->
</testng-results>
